Start testing: Oct 13 21:04 Фінляндія (літо)
----------------------------------------------------------
1/4 Testing: AdditionTests.PositiveNumbers
1/4 Test: AdditionTests.PositiveNumbers
Command: "D:/gitpol/csad2526ki405shustakevychvladyslav29/build/Release/unit_tests.exe" "--gtest_filter=AdditionTests.PositiveNumbers" "--gtest_also_run_disabled_tests"
Directory: D:/gitpol/csad2526ki405shustakevychvladyslav29/build
"AdditionTests.PositiveNumbers" start time: Oct 13 21:04 Фінляндія (літо)
Output:
----------------------------------------------------------
Running main() from D:\gitpol\csad2526ki405shustakevychvladyslav29\build\_deps\googletest-src\googletest\src\gtest_main.cc
Note: Google Test filter = AdditionTests.PositiveNumbers
[==========] Running 1 test from 1 test suite.
[----------] Global test environment set-up.
[----------] 1 test from AdditionTests
[ RUN      ] AdditionTests.PositiveNumbers
[       OK ] AdditionTests.PositiveNumbers (0 ms)
[----------] 1 test from AdditionTests (0 ms total)

[----------] Global test environment tear-down
[==========] 1 test from 1 test suite ran. (0 ms total)
[  PASSED  ] 1 test.
<end of output>
Test time =   0.01 sec
----------------------------------------------------------
Test Passed.
"AdditionTests.PositiveNumbers" end time: Oct 13 21:04 Фінляндія (літо)
"AdditionTests.PositiveNumbers" time elapsed: 00:00:00
----------------------------------------------------------

2/4 Testing: AdditionTests.MixedSign
2/4 Test: AdditionTests.MixedSign
Command: "D:/gitpol/csad2526ki405shustakevychvladyslav29/build/Release/unit_tests.exe" "--gtest_filter=AdditionTests.MixedSign" "--gtest_also_run_disabled_tests"
Directory: D:/gitpol/csad2526ki405shustakevychvladyslav29/build
"AdditionTests.MixedSign" start time: Oct 13 21:04 Фінляндія (літо)
Output:
----------------------------------------------------------
Running main() from D:\gitpol\csad2526ki405shustakevychvladyslav29\build\_deps\googletest-src\googletest\src\gtest_main.cc
Note: Google Test filter = AdditionTests.MixedSign
[==========] Running 1 test from 1 test suite.
[----------] Global test environment set-up.
[----------] 1 test from AdditionTests
[ RUN      ] AdditionTests.MixedSign
[       OK ] AdditionTests.MixedSign (0 ms)
[----------] 1 test from AdditionTests (0 ms total)

[----------] Global test environment tear-down
[==========] 1 test from 1 test suite ran. (0 ms total)
[  PASSED  ] 1 test.
<end of output>
Test time =   0.01 sec
----------------------------------------------------------
Test Passed.
"AdditionTests.MixedSign" end time: Oct 13 21:04 Фінляндія (літо)
"AdditionTests.MixedSign" time elapsed: 00:00:00
----------------------------------------------------------

3/4 Testing: AdditionTests.Zero
3/4 Test: AdditionTests.Zero
Command: "D:/gitpol/csad2526ki405shustakevychvladyslav29/build/Release/unit_tests.exe" "--gtest_filter=AdditionTests.Zero" "--gtest_also_run_disabled_tests"
Directory: D:/gitpol/csad2526ki405shustakevychvladyslav29/build
"AdditionTests.Zero" start time: Oct 13 21:04 Фінляндія (літо)
Output:
----------------------------------------------------------
Running main() from D:\gitpol\csad2526ki405shustakevychvladyslav29\build\_deps\googletest-src\googletest\src\gtest_main.cc
Note: Google Test filter = AdditionTests.Zero
[==========] Running 1 test from 1 test suite.
[----------] Global test environment set-up.
[----------] 1 test from AdditionTests
[ RUN      ] AdditionTests.Zero
[       OK ] AdditionTests.Zero (0 ms)
[----------] 1 test from AdditionTests (0 ms total)

[----------] Global test environment tear-down
[==========] 1 test from 1 test suite ran. (0 ms total)
[  PASSED  ] 1 test.
<end of output>
Test time =   0.01 sec
----------------------------------------------------------
Test Passed.
"AdditionTests.Zero" end time: Oct 13 21:04 Фінляндія (літо)
"AdditionTests.Zero" time elapsed: 00:00:00
----------------------------------------------------------

4/4 Testing: AdditionTests.LargeValues
4/4 Test: AdditionTests.LargeValues
Command: "D:/gitpol/csad2526ki405shustakevychvladyslav29/build/Release/unit_tests.exe" "--gtest_filter=AdditionTests.LargeValues" "--gtest_also_run_disabled_tests"
Directory: D:/gitpol/csad2526ki405shustakevychvladyslav29/build
"AdditionTests.LargeValues" start time: Oct 13 21:04 Фінляндія (літо)
Output:
----------------------------------------------------------
Running main() from D:\gitpol\csad2526ki405shustakevychvladyslav29\build\_deps\googletest-src\googletest\src\gtest_main.cc
Note: Google Test filter = AdditionTests.LargeValues
[==========] Running 1 test from 1 test suite.
[----------] Global test environment set-up.
[----------] 1 test from AdditionTests
[ RUN      ] AdditionTests.LargeValues
[       OK ] AdditionTests.LargeValues (0 ms)
[----------] 1 test from AdditionTests (0 ms total)

[----------] Global test environment tear-down
[==========] 1 test from 1 test suite ran. (0 ms total)
[  PASSED  ] 1 test.
<end of output>
Test time =   0.01 sec
----------------------------------------------------------
Test Passed.
"AdditionTests.LargeValues" end time: Oct 13 21:04 Фінляндія (літо)
"AdditionTests.LargeValues" time elapsed: 00:00:00
----------------------------------------------------------

End testing: Oct 13 21:04 Фінляндія (літо)
